{"logLevel":"debug","message":"multithreading is set to false"}
{"logLevel":"debug","message":"Using reflection to scan dependencies for gauge implementations..."}
SLF4J: Failed to load class "org.slf4j.impl.StaticLoggerBinder".
SLF4J: Defaulting to no-operation (NOP) logger implementation
SLF4J: See http://www.slf4j.org/codes.html#StaticLoggerBinder for further details.
{"logLevel":"debug","message":"gauge-java took 935milliseconds to load and scan. This should be less than 'runner_connection_timeout' config value."}
{"logLevel":"debug","message":"run 'gauge config runner_connection_timeout' and verify that it is < 935"}
{"logLevel":"debug","message":"starting gRPC server..."}
{"logLevel":"debug","message":"started gRPC server on port 65481"}
{"logLevel":"info","message":"Listening on port:65481"}
{"logLevel":"debug","message":"Scanning packages for steps"}
{"logLevel":"debug","message":"Comparing 'Tests.CategoryTest.addRandomProductToBasket' and 'Tests.CategoryTest.addRandomProductToBasket'"}
{"logLevel":"debug","message":"Found {} kategorisinden rastgele {} ürün seçilir in current project scope."}
{"logLevel":"debug","message":"Comparing 'Tests.LoginTest.setUser' and 'Tests.LoginTest.setUser'"}
{"logLevel":"debug","message":"Found Kullanıcı adı alanına {} yazılır in current project scope."}
{"logLevel":"debug","message":"Comparing 'Tests.CategoryTest.setUser' and 'Tests.CategoryTest.setUser'"}
{"logLevel":"debug","message":"Found {} kategorisine tıklanır in current project scope."}
{"logLevel":"debug","message":"Comparing 'Tests.BasketTest.clickRemoveButton' and 'Tests.BasketTest.clickRemoveButton'"}
{"logLevel":"debug","message":"Found Sepete giderek sepetteki tüm ürünler silinir. Ve tüm ürünlerin silindiği kontrol edilir in current project scope."}
{"logLevel":"debug","message":"Comparing 'Tests.BasketTest.checkBasketProduct' and 'Tests.BasketTest.checkBasketProduct'"}
{"logLevel":"debug","message":"Found Sepete yönlenerek sepetin boş olup olmadığının kontrolünü yapar in current project scope."}
{"logLevel":"debug","message":"Comparing 'Tests.HomePageTest.setUser' and 'Tests.HomePageTest.setUser'"}
{"logLevel":"debug","message":"Found Geri butonuna basılır. in current project scope."}
{"logLevel":"debug","message":"Comparing 'Tests.LoginTest.clickLogin' and 'Tests.LoginTest.clickLogin'"}
{"logLevel":"debug","message":"Found Giriş butonuna tıklanır. in current project scope."}
{"logLevel":"debug","message":"Comparing 'Tests.LoginTest.setPassword' and 'Tests.LoginTest.setPassword'"}
{"logLevel":"debug","message":"Found Kullanıcı şifre alanına {} yazılır in current project scope."}
{"logLevel":"debug","message":"Scanning packages for hooks"}
{"logLevel":"debug","message":"Scanned steps (using static parsing + reflections): "}
{"logLevel":"debug","message":"\tKullanıcı adı alanına {} yazılır : public void setUser(String userName)"}
{"logLevel":"debug","message":"\tKullanıcı şifre alanına {} yazılır : public void setPassword(String password)"}
{"logLevel":"debug","message":"\tSepete giderek sepetteki tüm ürünler silinir. Ve tüm ürünlerin silindiği kontrol edilir : public void clickRemoveButton()"}
{"logLevel":"debug","message":"\tGiriş butonuna tıklanır. : public void clickLogin()"}
{"logLevel":"debug","message":"\t{} kategorisinden rastgele {} ürün seçilir : public void addRandomProductToBasket(String product, ınt randomPruduct)"}
{"logLevel":"debug","message":"\tGeri butonuna basılır. : public void setUser()"}
{"logLevel":"debug","message":"\t{} kategorisine tıklanır : public void setUser(String categoryName)"}
{"logLevel":"debug","message":"\tSepete yönlenerek sepetin boş olup olmadığının kontrolünü yapar : public void checkBasketProduct()"}
Oca 24, 2021 6:47:02 PM io.appium.java_client.remote.AppiumCommandExecutor$1 lambda$0
INFO: Detected dialect: W3C
{"logLevel":"debug","message":"Executing 'Kullanıcı adı alanına {} yazılır' using 'class Tests.LoginTest.setUser"}
{"logLevel":"debug","message":"Executing 'Kullanıcı şifre alanına {} yazılır' using 'class Tests.LoginTest.setPassword"}
{"logLevel":"debug","message":"Executing 'Giriş butonuna tıklanır.' using 'class Tests.LoginTest.clickLogin"}
{"logLevel":"debug","message":"Executing '{} kategorisine tıklanır' using 'class Tests.CategoryTest.setUser"}
{"logLevel":"debug","message":"Executing '{} kategorisinden rastgele {} ürün seçilir' using 'class Tests.CategoryTest.addRandomProductToBasket"}
{"logLevel":"debug","message":"Executing 'Geri butonuna basılır.' using 'class Tests.HomePageTest.setUser"}
{"logLevel":"debug","message":"Executing '{} kategorisine tıklanır' using 'class Tests.CategoryTest.setUser"}
{"logLevel":"debug","message":"Executing '{} kategorisinden rastgele {} ürün seçilir' using 'class Tests.CategoryTest.addRandomProductToBasket"}
{"logLevel":"debug","message":"Executing 'Geri butonuna basılır.' using 'class Tests.HomePageTest.setUser"}
{"logLevel":"debug","message":"Executing 'Sepete giderek sepetteki tüm ürünler silinir. Ve tüm ürünlerin silindiği kontrol edilir' using 'class Tests.BasketTest.clickRemoveButton"}
