{"logLevel":"debug","message":"multithreading is set to false"}
{"logLevel":"debug","message":"Using reflection to scan dependencies for gauge implementations..."}
SLF4J: Failed to load class "org.slf4j.impl.StaticLoggerBinder".
SLF4J: Defaulting to no-operation (NOP) logger implementation
SLF4J: See http://www.slf4j.org/codes.html#StaticLoggerBinder for further details.
{"logLevel":"debug","message":"gauge-java took 995milliseconds to load and scan. This should be less than 'runner_connection_timeout' config value."}
{"logLevel":"debug","message":"run 'gauge config runner_connection_timeout' and verify that it is < 995"}
{"logLevel":"debug","message":"starting gRPC server..."}
{"logLevel":"debug","message":"started gRPC server on port 55468"}
{"logLevel":"info","message":"Listening on port:55468"}
{"logLevel":"debug","message":"Scanning packages for steps"}
{"logLevel":"debug","message":"Comparing 'org.example.test.StepImplementation.setUser' and 'org.example.test.StepImplementation.setUser'"}
{"logLevel":"debug","message":"Found Kullanıcı adı alanına {} yazılır in current project scope."}
{"logLevel":"debug","message":"Comparing 'org.example.test.StepImplementation.setSearch' and 'org.example.test.StepImplementation.setSearch'"}
{"logLevel":"debug","message":"Found Arama alanına girilir in current project scope."}
{"logLevel":"debug","message":"Comparing 'org.example.test.StepImplementation.setSearchText' and 'org.example.test.StepImplementation.setSearchText'"}
{"logLevel":"debug","message":"Found Arama alanına {} girilir in current project scope."}
{"logLevel":"debug","message":"Comparing 'org.example.test.StepImplementation.clickLogin' and 'org.example.test.StepImplementation.clickLogin'"}
{"logLevel":"debug","message":"Found Giriş butonuna tıklanır. in current project scope."}
{"logLevel":"debug","message":"Comparing 'org.example.test.StepImplementation.setPassword' and 'org.example.test.StepImplementation.setPassword'"}
{"logLevel":"debug","message":"Found Kullanıcı şifre alanına {} yazılır in current project scope."}
{"logLevel":"debug","message":"Scanning packages for hooks"}
{"logLevel":"debug","message":"Scanned steps (using static parsing + reflections): "}
{"logLevel":"debug","message":"\tKullanıcı adı alanına {} yazılır : public void setUser(String userName)"}
{"logLevel":"debug","message":"\tArama alanına girilir : public void setSearch()"}
{"logLevel":"debug","message":"\tKullanıcı şifre alanına {} yazılır : public void setPassword(String userName)"}
{"logLevel":"debug","message":"\tGiriş butonuna tıklanır. : public void clickLogin()"}
{"logLevel":"debug","message":"\tArama alanına {} girilir : public void setSearchText(String key)"}
Oca 23, 2021 8:44:43 PM io.appium.java_client.remote.AppiumCommandExecutor$1 lambda$0
INFO: Detected dialect: W3C
{"logLevel":"debug","message":"Executing 'Kullanıcı adı alanına {} yazılır' using 'class org.example.test.StepImplementation.setUser"}
{"logLevel":"debug","message":"Executing 'Kullanıcı şifre alanına {} yazılır' using 'class org.example.test.StepImplementation.setPassword"}
{"logLevel":"debug","message":"Executing 'Giriş butonuna tıklanır.' using 'class org.example.test.StepImplementation.clickLogin"}
