{"logLevel":"debug","message":"multithreading is set to false"}
{"logLevel":"debug","message":"Using reflection to scan dependencies for gauge implementations..."}
SLF4J: Failed to load class "org.slf4j.impl.StaticLoggerBinder".
SLF4J: Defaulting to no-operation (NOP) logger implementation
SLF4J: See http://www.slf4j.org/codes.html#StaticLoggerBinder for further details.
{"logLevel":"debug","message":"gauge-java took 1186milliseconds to load and scan. This should be less than 'runner_connection_timeout' config value."}
{"logLevel":"debug","message":"run 'gauge config runner_connection_timeout' and verify that it is < 1186"}
{"logLevel":"debug","message":"starting gRPC server..."}
{"logLevel":"debug","message":"started gRPC server on port 56714"}
{"logLevel":"info","message":"Listening on port:56714"}
{"logLevel":"debug","message":"Scanning packages for steps"}
{"logLevel":"debug","message":"Comparing 'Tests.LoginTest.setUser' and 'Tests.LoginTest.setUser'"}
{"logLevel":"debug","message":"Found Kullanıcı adı alanına {} yazılır in current project scope."}
{"logLevel":"debug","message":"Comparing 'Tests.CategoryTest.setUser' and 'Tests.CategoryTest.setUser'"}
{"logLevel":"debug","message":"Found {} kategorisine tıklanır in current project scope."}
{"logLevel":"debug","message":"Comparing 'Tests.BasketTest.checkBasketProduct' and 'Tests.BasketTest.checkBasketProduct'"}
{"logLevel":"debug","message":"Found Sepete yönlenerek sepetin boş olup olmadığının kontrolünü yapar in current project scope."}
{"logLevel":"debug","message":"Comparing 'Tests.HomePageTest.setUser' and 'Tests.HomePageTest.setUser'"}
{"logLevel":"debug","message":"Found Geri butonuna basılır. in current project scope."}
{"logLevel":"debug","message":"Comparing 'Tests.LoginTest.clickLogin' and 'Tests.LoginTest.clickLogin'"}
{"logLevel":"debug","message":"Found Giriş butonuna tıklanır. in current project scope."}
{"logLevel":"debug","message":"Comparing 'Tests.LoginTest.setPassword' and 'Tests.LoginTest.setPassword'"}
{"logLevel":"debug","message":"Found Kullanıcı şifre alanına {} yazılır in current project scope."}
{"logLevel":"debug","message":"Scanning packages for hooks"}
{"logLevel":"debug","message":"Scanned steps (using static parsing + reflections): "}
{"logLevel":"debug","message":"\tKullanıcı adı alanına {} yazılır : public void setUser(String userName)"}
{"logLevel":"debug","message":"\tKullanıcı şifre alanına {} yazılır : public void setPassword(String password)"}
{"logLevel":"debug","message":"\tGiriş butonuna tıklanır. : public void clickLogin()"}
{"logLevel":"debug","message":"\tGeri butonuna basılır. : public void setUser()"}
{"logLevel":"debug","message":"\t{} kategorisine tıklanır : public void setUser(String categoryName)"}
{"logLevel":"debug","message":"\tSepete yönlenerek sepetin boş olup olmadığının kontrolünü yapar : public void checkBasketProduct()"}
Oca 24, 2021 5:29:58 PM io.appium.java_client.remote.AppiumCommandExecutor$1 lambda$0
INFO: Detected dialect: W3C
{"logLevel":"debug","message":"Executing 'Kullanıcı adı alanına {} yazılır' using 'class Tests.LoginTest.setUser"}
{"logLevel":"debug","message":"Executing 'Kullanıcı şifre alanına {} yazılır' using 'class Tests.LoginTest.setPassword"}
{"logLevel":"debug","message":"Executing 'Giriş butonuna tıklanır.' using 'class Tests.LoginTest.clickLogin"}
{"logLevel":"debug","message":"Executing '{} kategorisine tıklanır' using 'class Tests.CategoryTest.setUser"}
An element could not be located on the page using the given search parameters.
For documentation on this error, please visit: https://www.seleniumhq.org/exceptions/no_such_element.html
Build info: version: '3.141.59', revision: 'e82be7d358', time: '2018-11-14T08:17:03'
System info: host: 'DESKTOP-BSG5U1A', ip: '192.168.137.1', os.name: 'Windows 10', os.arch: 'x86', os.version: '10.0', java.version: '1.8.0_181'
Driver info: io.appium.java_client.AppiumDriver
Capabilities {appActivity: com.getir.casestudy.modules..., appPackage: com.getir.casestudy.dev, databaseEnabled: false, desired: {appActivity: com.getir.casestudy.modules..., appPackage: com.getir.casestudy.dev, deviceName: Android, newCommandTimeout: 250, platformName: android, udid: emulator-5554, version: 1.0}, deviceApiLevel: 24, deviceManufacturer: Google, deviceModel: Android SDK built for x86, deviceName: emulator-5554, deviceScreenDensity: 420, deviceScreenSize: 1080x1920, deviceUDID: emulator-5554, javascriptEnabled: true, locationContextEnabled: false, networkConnectionEnabled: true, newCommandTimeout: 250, pixelRatio: 2.625, platform: LINUX, platformName: Android, platformVersion: 7.0, statBarHeight: 63, takesScreenshot: true, udid: emulator-5554, version: 1.0, viewportRect: {height: 1731, left: 0, top: 63, width: 1080}, warnings: {}, webStorageEnabled: false}
Session ID: aeceba89-5cfe-40ec-acb6-70d4f5f3d416
*** Element info: {Using=xpath, value=//*[@text='Gallery']}
