{"logLevel":"debug","message":"multithreading is set to false"}
{"logLevel":"debug","message":"Using reflection to scan dependencies for gauge implementations..."}
SLF4J: Failed to load class "org.slf4j.impl.StaticLoggerBinder".
SLF4J: Defaulting to no-operation (NOP) logger implementation
SLF4J: See http://www.slf4j.org/codes.html#StaticLoggerBinder for further details.
{"logLevel":"debug","message":"gauge-java took 1156milliseconds to load and scan. This should be less than 'runner_connection_timeout' config value."}
{"logLevel":"debug","message":"run 'gauge config runner_connection_timeout' and verify that it is < 1156"}
{"logLevel":"debug","message":"starting gRPC server..."}
{"logLevel":"debug","message":"started gRPC server on port 64501"}
{"logLevel":"info","message":"Listening on port:64501"}
{"logLevel":"debug","message":"Scanning packages for steps"}
{"logLevel":"debug","message":"Comparing 'Tests.BasketTest.addMoreThanProduct' and 'Tests.BasketTest.addMoreThanProduct'"}
{"logLevel":"debug","message":"Found Kategorisinden {} üründen {} tane eklenir in current project scope."}
{"logLevel":"debug","message":"Comparing 'Tests.BasketTest.addMoreThanProduct' and 'Tests.BasketTest.addMoreThanProduct'"}
{"logLevel":"debug","message":"Found Sepet ekranında eklenen ürünler birer tane arttırılır in current project scope."}
{"logLevel":"debug","message":"Comparing 'Tests.LoginTest.setUser' and 'Tests.LoginTest.setUser'"}
{"logLevel":"debug","message":"Found Kullanıcı adı alanına {} yazılır in current project scope."}
{"logLevel":"debug","message":"Comparing 'Tests.HomePageTest.clickBasket' and 'Tests.HomePageTest.clickBasket'"}
{"logLevel":"debug","message":"Found Sepet butonuna basılır. in current project scope."}
{"logLevel":"debug","message":"Comparing 'Tests.CategoryTest.setUser' and 'Tests.CategoryTest.setUser'"}
{"logLevel":"debug","message":"Found {} kategorisine tıklanır in current project scope."}
{"logLevel":"debug","message":"Comparing 'Tests.BasketTest.clickRemoveButton' and 'Tests.BasketTest.clickRemoveButton'"}
{"logLevel":"debug","message":"Found Sepetteki tüm ürünler silinir. in current project scope."}
{"logLevel":"debug","message":"Comparing 'Tests.BasketTest.checkBasketProduct' and 'Tests.BasketTest.checkBasketProduct'"}
{"logLevel":"debug","message":"Found Sepetin boş olup olmadığının kontrolünü yapar in current project scope."}
{"logLevel":"debug","message":"Comparing 'Tests.BasketTest.addRandomProductToBasket' and 'Tests.BasketTest.addRandomProductToBasket'"}
{"logLevel":"debug","message":"Found Kategoriden rastgele {} ürün seçilir in current project scope."}
{"logLevel":"debug","message":"Comparing 'Tests.LoginTest.clickLogin' and 'Tests.LoginTest.clickLogin'"}
{"logLevel":"debug","message":"Found Giriş butonuna tıklanır. in current project scope."}
{"logLevel":"debug","message":"Comparing 'Tests.HomePageTest.clickBack' and 'Tests.HomePageTest.clickBack'"}
{"logLevel":"debug","message":"Found Geri butonuna basılır. in current project scope."}
{"logLevel":"debug","message":"Comparing 'Tests.LoginTest.setPassword' and 'Tests.LoginTest.setPassword'"}
{"logLevel":"debug","message":"Found Kullanıcı şifre alanına {} yazılır in current project scope."}
{"logLevel":"debug","message":"Scanning packages for hooks"}
{"logLevel":"debug","message":"Scanned steps (using static parsing + reflections): "}
{"logLevel":"debug","message":"\tSepetteki tüm ürünler silinir. : public void clickRemoveButton()"}
{"logLevel":"debug","message":"\tKullanıcı adı alanına {} yazılır : public void setUser(String userName)"}
{"logLevel":"debug","message":"\tKategorisinden {} üründen {} tane eklenir : public void addMoreThanProduct(ınt product, ınt numberOfProducts)"}
{"logLevel":"debug","message":"\tKullanıcı şifre alanına {} yazılır : public void setPassword(String password)"}
{"logLevel":"debug","message":"\tSepet butonuna basılır. : public void clickBasket()"}
{"logLevel":"debug","message":"\tKategoriden rastgele {} ürün seçilir : public void addRandomProductToBasket(ınt randomPruduct)"}
{"logLevel":"debug","message":"\tGiriş butonuna tıklanır. : public void clickLogin()"}
{"logLevel":"debug","message":"\tGeri butonuna basılır. : public void clickBack()"}
{"logLevel":"debug","message":"\tSepet ekranında eklenen ürünler birer tane arttırılır : public void addMoreThanProduct()"}
{"logLevel":"debug","message":"\t{} kategorisine tıklanır : public void setUser(String categoryName)"}
{"logLevel":"debug","message":"\tSepetin boş olup olmadığının kontrolünü yapar : public void checkBasketProduct()"}
Oca 25, 2021 10:04:11 AM io.appium.java_client.remote.AppiumCommandExecutor$1 lambda$0
INFO: Detected dialect: W3C
{"logLevel":"debug","message":"Executing 'Kullanıcı adı alanına {} yazılır' using 'class Tests.LoginTest.setUser"}
{"logLevel":"debug","message":"Executing 'Kullanıcı şifre alanına {} yazılır' using 'class Tests.LoginTest.setPassword"}
{"logLevel":"debug","message":"Executing 'Giriş butonuna tıklanır.' using 'class Tests.LoginTest.clickLogin"}
{"logLevel":"debug","message":"Executing 'Sepet butonuna basılır.' using 'class Tests.HomePageTest.clickBasket"}
{"logLevel":"debug","message":"Executing 'Sepetin boş olup olmadığının kontrolünü yapar' using 'class Tests.BasketTest.checkBasketProduct"}
{"logLevel":"debug","message":"Executing 'Geri butonuna basılır.' using 'class Tests.HomePageTest.clickBack"}
{"logLevel":"debug","message":"Executing '{} kategorisine tıklanır' using 'class Tests.CategoryTest.setUser"}
{"logLevel":"debug","message":"Executing 'Kategoriden rastgele {} ürün seçilir' using 'class Tests.BasketTest.addRandomProductToBasket"}
{"logLevel":"debug","message":"Executing 'Geri butonuna basılır.' using 'class Tests.HomePageTest.clickBack"}
{"logLevel":"debug","message":"Executing '{} kategorisine tıklanır' using 'class Tests.CategoryTest.setUser"}
{"logLevel":"debug","message":"Executing 'Kategoriden rastgele {} ürün seçilir' using 'class Tests.BasketTest.addRandomProductToBasket"}
{"logLevel":"debug","message":"Executing 'Geri butonuna basılır.' using 'class Tests.HomePageTest.clickBack"}
{"logLevel":"debug","message":"Executing 'Sepet butonuna basılır.' using 'class Tests.HomePageTest.clickBasket"}
{"logLevel":"debug","message":"Executing 'Sepetteki tüm ürünler silinir.' using 'class Tests.BasketTest.clickRemoveButton"}
{"logLevel":"debug","message":"Executing 'Sepetin boş olup olmadığının kontrolünü yapar' using 'class Tests.BasketTest.checkBasketProduct"}
